Determining if the pthread_create exist failed with the following output:
Change Dir: /home/lambd0x/Git-repos/Programming/C++/TremCpp/build/CMakeFiles/CMakeTmp

Run Build Command:"/usr/bin/gmake" "cmTC_880d3/fast"
/usr/bin/gmake -f CMakeFiles/cmTC_880d3.dir/build.make CMakeFiles/cmTC_880d3.dir/build
gmake[1]: Entering directory '/home/lambd0x/Git-repos/Programming/C++/TremCpp/build/CMakeFiles/CMakeTmp'
Building C object CMakeFiles/cmTC_880d3.dir/CheckSymbolExists.c.o
/usr/bin/cc    -o CMakeFiles/cmTC_880d3.dir/CheckSymbolExists.c.o   -c /home/lambd0x/Git-repos/Programming/C++/TremCpp/build/CMakeFiles/CMakeTmp/CheckSymbolExists.c
Linking C executable cmTC_880d3
/usr/bin/cmake -E cmake_link_script CMakeFiles/cmTC_880d3.dir/link.txt --verbose=1
/usr/bin/cc      -rdynamic CMakeFiles/cmTC_880d3.dir/CheckSymbolExists.c.o  -o cmTC_880d3 
CMakeFiles/cmTC_880d3.dir/CheckSymbolExists.c.o: In function `main':
CheckSymbolExists.c:(.text+0x16): undefined reference to `pthread_create'
collect2: error: ld returned 1 exit status
gmake[1]: *** [CMakeFiles/cmTC_880d3.dir/build.make:98: cmTC_880d3] Error 1
gmake[1]: Leaving directory '/home/lambd0x/Git-repos/Programming/C++/TremCpp/build/CMakeFiles/CMakeTmp'
gmake: *** [Makefile:126: cmTC_880d3/fast] Error 2

File /home/lambd0x/Git-repos/Programming/C++/TremCpp/build/CMakeFiles/CMakeTmp/CheckSymbolExists.c:
/* */
#include <pthread.h>

int main(int argc, char** argv)
{
  (void)argv;
#ifndef pthread_create
  return ((int*)(&pthread_create))[argc];
#else
  (void)argc;
  return 0;
#endif
}

Determining if the function pthread_create exists in the pthreads failed with the following output:
Change Dir: /home/lambd0x/Git-repos/Programming/C++/TremCpp/build/CMakeFiles/CMakeTmp

Run Build Command:"/usr/bin/gmake" "cmTC_f7035/fast"
/usr/bin/gmake -f CMakeFiles/cmTC_f7035.dir/build.make CMakeFiles/cmTC_f7035.dir/build
gmake[1]: Entering directory '/home/lambd0x/Git-repos/Programming/C++/TremCpp/build/CMakeFiles/CMakeTmp'
Building C object CMakeFiles/cmTC_f7035.dir/CheckFunctionExists.c.o
/usr/bin/cc   -DCHECK_FUNCTION_EXISTS=pthread_create   -o CMakeFiles/cmTC_f7035.dir/CheckFunctionExists.c.o   -c /usr/share/cmake/Modules/CheckFunctionExists.c
Linking C executable cmTC_f7035
/usr/bin/cmake -E cmake_link_script CMakeFiles/cmTC_f7035.dir/link.txt --verbose=1
/usr/bin/cc  -DCHECK_FUNCTION_EXISTS=pthread_create    -rdynamic CMakeFiles/cmTC_f7035.dir/CheckFunctionExists.c.o  -o cmTC_f7035 -lpthreads 
/usr/lib/gcc/x86_64-pc-linux-gnu/7.3.1/../../../../x86_64-pc-linux-gnu/bin/ld: cannot find -lpthreads
collect2: error: ld returned 1 exit status
gmake[1]: *** [CMakeFiles/cmTC_f7035.dir/build.make:98: cmTC_f7035] Error 1
gmake[1]: Leaving directory '/home/lambd0x/Git-repos/Programming/C++/TremCpp/build/CMakeFiles/CMakeTmp'
gmake: *** [Makefile:126: cmTC_f7035/fast] Error 2


